Loading Data:
Initial Data Size :  3875399
Execution Begins:
Dataset Size :  26700

real	9m5.045s
user	8m55.071s
sys	0m3.123s


Dataset Size 26701
Execution Begins:
Word Vector Creation:
Vocabulary Size :  6889
Context Vector Creation:
Clustering :
[('classified', 0.9844219088554382), ('sporting', 0.983253538608551), ('judge', 0.9782286286354065), ('bowling', 0.9781917333602905), ('affiliated', 0.9765328764915466), ('rico', 0.9742522239685059), ('indoor', 0.9735673666000366), ('challenger', 0.9726022481918335), ('annually', 0.9725480079650879), ('offensive', 0.9724140167236328)]  >>>>>  hard 

[('kiss', 0.9912071228027344), ('whitesnake', 0.9903788566589355), ('thief', 0.9888260960578918), ('aerosmith', 0.9884960651397705), ('nancy', 0.9863234758377075), ('bride', 0.986260712146759), ('lovequot', 0.9861938953399658), ('hiphop', 0.9853653311729431), ('leppard', 0.9852108955383301), ('ronnie', 0.9844141006469727)]  >>>>>  hard 



[('greenwich', 0.9928401112556458), ('longitude', 0.9881922006607056), ('extends', 0.9799361228942871), ('baseline', 0.9630846381187439), ('divide', 0.9561718702316284), ('wcml', 0.9554957151412964), ('towards', 0.9554606080055237), ('extend', 0.9507115483283997), ('imaginary', 0.9497102499008179), ('rising', 0.9480828046798706)]  >>>>>  line 

[('firstrate', 0.9914438724517822), ('harwich', 0.9886016845703125), ('batavian', 0.9860905408859253), ('venetian', 0.983938455581665), ('rotherhithe', 0.9834572672843933), ('rank', 0.9832721948623657), ('pett', 0.9830760955810547), ('slade', 0.9826440811157227), ('woolwich', 0.9818596839904785), ('commanding', 0.9816471338272095)]  >>>>>  line 



[('explore', 0.976384162902832), ('understand', 0.9690811038017273), ('exotic', 0.9682196974754333), ('artistic', 0.9680606126785278), ('depiction', 0.9674153327941895), ('regard', 0.9669142365455627), ('mind', 0.966256320476532), ('attention', 0.9650747179985046), ('sculpture', 0.964335024356842), ('oral', 0.9635204672813416)]  >>>>>  interest 

[('swap', 0.9873508214950562), ('loan', 0.9841597080230713), ('money', 0.9835584163665771), ('bond', 0.981355607509613), ('payment', 0.9758265614509583), ('mortgage', 0.9719215631484985), ('debt', 0.970073401927948), ('nominal', 0.9686623811721802), ('risk', 0.9657453298568726), ('shortterm', 0.9649091362953186)]  >>>>>  interest 

[('cause', 0.9947505593299866), ('sense', 0.9945714473724365), ('criterion', 0.9920432567596436), ('stimulus', 0.990890622138977), ('involves', 0.9900784492492676), ('give', 0.9897680282592773), ('ability', 0.9892107248306274), ('useful', 0.9891544580459595), ('might', 0.9885627627372742), ('aspect', 0.9882057905197144)]  >>>>>  interest 




real	25m20.215s
user	25m27.949s
sys	0m3.342s

